#
# A fatal error has been detected by the Java Runtime Environment:
#
#  Internal Error (signature.cpp:53), pid=30985, tid=14595
#  fatal error: expecting (
#
# JRE version: Java(TM) SE Runtime Environment (9.0+181) (build 9+181)
# Java VM: Java HotSpot(TM) 64-Bit Server VM (9+181, mixed mode, tiered, compressed oops, g1 gc, bsd-amd64)
# No core dump will be written. Core dumps have been disabled. To enable core dumping, try "ulimit -c unlimited" before starting Java again
#
# If you would like to submit a bug report, please visit:
#   http://bugreport.java.com/bugreport/crash.jsp
#

---------------  S U M M A R Y ------------

Command Line: -agentlib:jdwp=transport=dt_socket,address=127.0.0.1:52120,suspend=y,server=n -ea -Didea.test.cyclic.buffer.size=1048576 -javaagent:/Users/ianhenderson/Library/Caches/IdeaIC2017.3/groovyHotSwap/gragent.jar -javaagent:/Users/ianhenderson/Library/Caches/IdeaIC2017.3/captureAgent/debugger-agent.jar=/private/var/folders/mx/fy85jzfj5w14qghpgcs8l43c0000gn/T/capture.props -Dfile.encoding=UTF-8 com.intellij.rt.execution.junit.JUnitStarter -ideVersion5 -junit4 TestShoppingBasket,BoGoF

Host: MacBookPro5,5 x86_64 2530 MHz, 2 cores, 8G, Darwin 16.7.0
Time: Fri Jan 19 13:26:39 2018 GMT elapsed time: 744 seconds (0d 0h 12m 24s)

---------------  T H R E A D  ---------------

Current thread (0x00007facf9074000):  VMThread "VM Thread" [stack: 0x00007000014d8000,0x00007000015d8000] [id=14595]

Stack: [0x00007000014d8000,0x00007000015d8000],  sp=0x00007000015d6f20,  free space=1019k
Native frames: (J=compiled Java code, A=aot compiled Java code, j=interpreted, Vv=VM code, C=native code)
V  [libjvm.dylib+0x73dbdb]  VMError::report_and_die(int, char const*, char const*, __va_list_tag*, Thread*, unsigned char*, void*, void*, char const*, int, unsigned long)+0x42f
V  [libjvm.dylib+0x73e298]  VMError::report_and_die(Thread*, char const*, int, char const*, char const*, __va_list_tag*)+0x4a
V  [libjvm.dylib+0x26c26c]  report_fatal(char const*, int, char const*, ...)+0xc0
V  [libjvm.dylib+0x684294]  SignatureIterator::expect(char)+0x3c
V  [libjvm.dylib+0x6847e3]  SignatureIterator::iterate_returntype()+0x1f
V  [libjvm.dylib+0x35189b]  GenerateOopMap::do_method(int, int, int, int)+0x7d
V  [libjvm.dylib+0x350179]  GenerateOopMap::interp_bb(BasicBlock*)+0x105
V  [libjvm.dylib+0x34fe8f]  GenerateOopMap::interp_all()+0x53
V  [libjvm.dylib+0x34fb75]  GenerateOopMap::do_interpretation()+0x4b
V  [libjvm.dylib+0x3520b7]  GenerateOopMap::compute_map(Thread*)+0x16b
V  [libjvm.dylib+0x5e8628]  OopMapForCacheEntry::compute_map(Thread*)+0x60
V  [libjvm.dylib+0x5e8d8c]  OopMapCacheEntry::fill(methodHandle, int)+0xe0
V  [libjvm.dylib+0x5e945b]  OopMapCache::compute_one_oop_map(methodHandle const&, int, InterpreterOopMap*)+0x12b
V  [libjvm.dylib+0x5e9287]  OopMapCache::lookup(methodHandle const&, int, InterpreterOopMap*) const+0xa3
V  [libjvm.dylib+0x5b25d7]  Method::mask_for(int, InterpreterOopMap*)+0x61
V  [libjvm.dylib+0x4a6ea1]  VM_GetOrSetLocal::doit()+0x49
V  [libjvm.dylib+0x746e97]  VM_Operation::evaluate()+0x8d
V  [libjvm.dylib+0x74650c]  VMThread::evaluate_operation(VM_Operation*)+0xda
V  [libjvm.dylib+0x7461fe]  VMThread::loop()+0x2f6
V  [libjvm.dylib+0x745e29]  VMThread::run()+0x75
V  [libjvm.dylib+0x5efcd3]  thread_native_entry(Thread*)+0x12b
C  [libsystem_pthread.dylib+0x393b]  _pthread_body+0xb4
C  [libsystem_pthread.dylib+0x3887]  _pthread_body+0x0
C  [libsystem_pthread.dylib+0x308d]  thread_start+0xd

VM_Operation (0x0000700001e72a18): GetOrSetLocal, mode: safepoint, requested by thread 0x00007facf90c3800


---------------  P R O C E S S  ---------------

Java Threads: ( => current thread )
  0x00007facf9152000 JavaThread "Service Thread" daemon [_thread_blocked, id=24067, stack(0x000070000207c000,0x000070000217c000)]
  0x00007facf9934800 JavaThread "JDWP Command Reader" daemon [_thread_in_native, id=23555, stack(0x0000700001f79000,0x0000700002079000)]
  0x00007facf90e2000 JavaThread "JDWP Event Helper Thread" daemon [_thread_blocked, id=23043, stack(0x0000700001e76000,0x0000700001f76000)]
  0x00007facf90c3800 JavaThread "JDWP Transport Listener: dt_socket" daemon [_thread_blocked, id=22531, stack(0x0000700001d73000,0x0000700001e73000)]
  0x00007facf90a8000 JavaThread "Common-Cleaner" daemon [_thread_blocked, id=22019, stack(0x0000700001c70000,0x0000700001d70000)]
  0x00007facf9889800 JavaThread "Sweeper thread" daemon [_thread_blocked, id=21507, stack(0x0000700001b6d000,0x0000700001c6d000)]
  0x00007facf987b000 JavaThread "C1 CompilerThread1" daemon [_thread_blocked, id=20995, stack(0x0000700001a6a000,0x0000700001b6a000)]
  0x00007facf9877800 JavaThread "C2 CompilerThread0" daemon [_thread_blocked, id=20483, stack(0x0000700001967000,0x0000700001a67000)]
  0x00007facf9889000 JavaThread "Signal Dispatcher" daemon [_thread_blocked, id=19971, stack(0x0000700001864000,0x0000700001964000)]
  0x00007facf9080800 JavaThread "Finalizer" daemon [_thread_blocked, id=15619, stack(0x00007000016de000,0x00007000017de000)]
  0x00007facf907b800 JavaThread "Reference Handler" daemon [_thread_blocked, id=15107, stack(0x00007000015db000,0x00007000016db000)]
  0x00007facf9806000 JavaThread "main" [_thread_blocked, id=7427, stack(0x0000700000cc0000,0x0000700000dc0000)]

Other Threads:
=>0x00007facf9074000 VMThread "VM Thread" [stack: 0x00007000014d8000,0x00007000015d8000] [id=14595]
  0x00007facf91e1000 WatcherThread [stack: 0x000070000217f000,0x000070000227f000] [id=24579]
  0x00007facf9003000 GCTaskThread "GC Thread#0" [stack: 0x0000700000dc3000,0x0000700000ec3000] [id=10499]
  0x00007facf9001000 GCTaskThread "GC Thread#1" [stack: 0x0000700000ec6000,0x0000700000fc6000] [id=11011]
  0x00007facf9830000 ConcurrentGCThread "G1 Main Marker" [stack: 0x00007000012d2000,0x00007000013d2000] [id=13059]
  0x00007facf9830800 ConcurrentGCThread "G1 Marker#0" [stack: 0x00007000013d5000,0x00007000014d5000] [id=14083]
  0x00007facf900c000 ConcurrentGCThread "G1 Refine#0" [stack: 0x00007000010cc000,0x00007000011cc000] [id=12035]
  0x00007facf9001800 ConcurrentGCThread "G1 Refine#1" [stack: 0x0000700000fc9000,0x00007000010c9000] [id=11523]
  0x00007facf900c800 ConcurrentGCThread "G1 Young RemSet Sampling" [stack: 0x00007000011cf000,0x00007000012cf000] [id=12547]

Threads with active compile tasks:

VM state:at safepoint (normal execution)

VM Mutex/Monitor currently owned by a thread:  ([mutex/lock_event])
[0x00007facf8c0f3d0] Threads_lock - owner thread: 0x00007facf9074000

Heap address: 0x0000000740000000, size: 2048 MB, Compressed Oops mode: Zero based, Oop shift amount: 3
Narrow klass base: 0x0000000000000000, Narrow klass shift: 3
Compressed class space size: 1073741824 Address: 0x00000007c0000000

Heap:
 garbage-first heap   total 131072K, used 6484K [0x0000000740000000, 0x0000000740100400, 0x00000007c0000000)
  region size 1024K, 7 young (7168K), 1 survivors (1024K)
 Metaspace       used 8518K, capacity 8684K, committed 8832K, reserved 1056768K
  class space    used 817K, capacity 874K, committed 896K, reserved 1048576K
Heap Regions: E=young(eden), S=young(survivor), O=old, HS=humongous(starts), HC=humongous(continues), CS=collection set, F=free, A=archive, TS=gc time stamp, AC=allocation context, TAMS=top-at-mark-start (previous, next)
|   0|0x0000000740000000, 0x0000000740055000, 0x0000000740100000| 33%| O|  |TS  1|AC  0|TAMS 0x0000000740000000, 0x0000000740000000|
|   1|0x0000000740100000, 0x0000000740100000, 0x0000000740200000|  0%| F|  |TS  0|AC  0|TAMS 0x0000000740100000, 0x0000000740100000|
|   2|0x0000000740200000, 0x0000000740200000, 0x0000000740300000|  0%| F|  |TS  0|AC  0|TAMS 0x0000000740200000, 0x0000000740200000|
|   3|0x0000000740300000, 0x0000000740300000, 0x0000000740400000|  0%| F|  |TS  0|AC  0|TAMS 0x0000000740300000, 0x0000000740300000|
|   4|0x0000000740400000, 0x0000000740400000, 0x0000000740500000|  0%| F|  |TS  0|AC  0|TAMS 0x0000000740400000, 0x0000000740400000|
|   5|0x0000000740500000, 0x0000000740500000, 0x0000000740600000|  0%| F|  |TS  0|AC  0|TAMS 0x0000000740500000, 0x0000000740500000|
|   6|0x0000000740600000, 0x0000000740600000, 0x0000000740700000|  0%| F|  |TS  0|AC  0|TAMS 0x0000000740600000, 0x0000000740600000|
|   7|0x0000000740700000, 0x0000000740700000, 0x0000000740800000|  0%| F|  |TS  0|AC  0|TAMS 0x0000000740700000, 0x0000000740700000|
|   8|0x0000000740800000, 0x0000000740800000, 0x0000000740900000|  0%| F|  |TS  0|AC  0|TAMS 0x0000000740800000, 0x0000000740800000|
|   9|0x0000000740900000, 0x0000000740900000, 0x0000000740a00000|  0%| F|  |TS  0|AC  0|TAMS 0x0000000740900000, 0x0000000740900000|
|  10|0x0000000740a00000, 0x0000000740a00000, 0x0000000740b00000|  0%| F|  |TS  0|AC  0|TAMS 0x0000000740a00000, 0x0000000740a00000|
|  11|0x0000000740b00000, 0x0000000740b00000, 0x0000000740c00000|  0%| F|  |TS  0|AC  0|TAMS 0x0000000740b00000, 0x0000000740b00000|
|  12|0x0000000740c00000, 0x0000000740c00000, 0x0000000740d00000|  0%| F|  |TS  0|AC  0|TAMS 0x0000000740c00000, 0x0000000740c00000|
|  13|0x0000000740d00000, 0x0000000740d00000, 0x0000000740e00000|  0%| F|  |TS  0|AC  0|TAMS 0x0000000740d00000, 0x0000000740d00000|
|  14|0x0000000740e00000, 0x0000000740e00000, 0x0000000740f00000|  0%| F|  |TS  0|AC  0|TAMS 0x0000000740e00000, 0x0000000740e00000|
|  15|0x0000000740f00000, 0x0000000740f00000, 0x0000000741000000|  0%| F|  |TS  0|AC  0|TAMS 0x0000000740f00000, 0x0000000740f00000|
|  16|0x0000000741000000, 0x0000000741000000, 0x0000000741100000|  0%| F|  |TS  0|AC  0|TAMS 0x0000000741000000, 0x0000000741000000|
|  17|0x0000000741100000, 0x0000000741100000, 0x0000000741200000|  0%| F|  |TS  0|AC  0|TAMS 0x0000000741100000, 0x0000000741100000|
|  18|0x0000000741200000, 0x0000000741200000, 0x0000000741300000|  0%| F|  |TS  0|AC  0|TAMS 0x0000000741200000, 0x0000000741200000|
|  19|0x0000000741300000, 0x0000000741300000, 0x0000000741400000|  0%| F|  |TS  0|AC  0|TAMS 0x0000000741300000, 0x0000000741300000|
|  20|0x0000000741400000, 0x0000000741400000, 0x0000000741500000|  0%| F|  |TS  0|AC  0|TAMS 0x0000000741400000, 0x0000000741400000|
|  21|0x0000000741500000, 0x0000000741500000, 0x0000000741600000|  0%| F|  |TS  0|AC  0|TAMS 0x0000000741500000, 0x0000000741500000|
|  22|0x0000000741600000, 0x0000000741600000, 0x0000000741700000|  0%| F|  |TS  0|AC  0|TAMS 0x0000000741600000, 0x0000000741600000|
|  23|0x0000000741700000, 0x0000000741700000, 0x0000000741800000|  0%| F|  |TS  0|AC  0|TAMS 0x0000000741700000, 0x0000000741700000|
|  24|0x0000000741800000, 0x0000000741800000, 0x0000000741900000|  0%| F|  |TS  0|AC  0|TAMS 0x0000000741800000, 0x0000000741800000|
|  25|0x0000000741900000, 0x0000000741900000, 0x0000000741a00000|  0%| F|  |TS  0|AC  0|TAMS 0x0000000741900000, 0x0000000741900000|
|  26|0x0000000741a00000, 0x0000000741a00000, 0x0000000741b00000|  0%| F|  |TS  0|AC  0|TAMS 0x0000000741a00000, 0x0000000741a00000|
|  27|0x0000000741b00000, 0x0000000741b00000, 0x0000000741c00000|  0%| F|  |TS  0|AC  0|TAMS 0x0000000741b00000, 0x0000000741b00000|
|  28|0x0000000741c00000, 0x0000000741c00000, 0x0000000741d00000|  0%| F|  |TS  0|AC  0|TAMS 0x0000000741c00000, 0x0000000741c00000|
|  29|0x0000000741d00000, 0x0000000741d00000, 0x0000000741e00000|  0%| F|  |TS  0|AC  0|TAMS 0x0000000741d00000, 0x0000000741d00000|
|  30|0x0000000741e00000, 0x0000000741e00000, 0x0000000741f00000|  0%| F|  |TS  0|AC  0|TAMS 0x0000000741e00000, 0x0000000741e00000|
|  31|0x0000000741f00000, 0x0000000741f00000, 0x0000000742000000|  0%| F|  |TS  0|AC  0|TAMS 0x0000000741f00000, 0x0000000741f00000|
|  32|0x0000000742000000, 0x0000000742000000, 0x0000000742100000|  0%| F|  |TS  0|AC  0|TAMS 0x0000000742000000, 0x0000000742000000|
|  33|0x0000000742100000, 0x0000000742100000, 0x0000000742200000|  0%| F|  |TS  0|AC  0|TAMS 0x0000000742100000, 0x0000000742100000|
|  34|0x0000000742200000, 0x0000000742200000, 0x0000000742300000|  0%| F|  |TS  0|AC  0|TAMS 0x0000000742200000, 0x0000000742200000|
|  35|0x0000000742300000, 0x0000000742300000, 0x0000000742400000|  0%| F|  |TS  0|AC  0|TAMS 0x0000000742300000, 0x0000000742300000|
|  36|0x0000000742400000, 0x0000000742400000, 0x0000000742500000|  0%| F|  |TS  0|AC  0|TAMS 0x0000000742400000, 0x0000000742400000|
|  37|0x0000000742500000, 0x0000000742500000, 0x0000000742600000|  0%| F|  |TS  0|AC  0|TAMS 0x0000000742500000, 0x0000000742500000|
|  38|0x0000000742600000, 0x0000000742600000, 0x0000000742700000|  0%| F|  |TS  0|AC  0|TAMS 0x0000000742600000, 0x0000000742600000|
|  39|0x0000000742700000, 0x0000000742700000, 0x0000000742800000|  0%| F|  |TS  0|AC  0|TAMS 0x0000000742700000, 0x0000000742700000|
|  40|0x0000000742800000, 0x0000000742800000, 0x0000000742900000|  0%| F|  |TS  0|AC  0|TAMS 0x0000000742800000, 0x0000000742800000|
|  41|0x0000000742900000, 0x0000000742900000, 0x0000000742a00000|  0%| F|  |TS  0|AC  0|TAMS 0x0000000742900000, 0x0000000742900000|
|  42|0x0000000742a00000, 0x0000000742a00000, 0x0000000742b00000|  0%| F|  |TS  0|AC  0|TAMS 0x0000000742a00000, 0x0000000742a00000|
|  43|0x0000000742b00000, 0x0000000742b00000, 0x0000000742c00000|  0%| F|  |TS  0|AC  0|TAMS 0x0000000742b00000, 0x0000000742b00000|
|  44|0x0000000742c00000, 0x0000000742c00000, 0x0000000742d00000|  0%| F|  |TS  0|AC  0|TAMS 0x0000000742c00000, 0x0000000742c00000|
|  45|0x0000000742d00000, 0x0000000742d00000, 0x0000000742e00000|  0%| F|  |TS  0|AC  0|TAMS 0x0000000742d00000, 0x0000000742d00000|
|  46|0x0000000742e00000, 0x0000000742e00000, 0x0000000742f00000|  0%| F|  |TS  0|AC  0|TAMS 0x0000000742e00000, 0x0000000742e00000|
|  47|0x0000000742f00000, 0x0000000742f00000, 0x0000000743000000|  0%| F|  |TS  0|AC  0|TAMS 0x0000000742f00000, 0x0000000742f00000|
|  48|0x0000000743000000, 0x0000000743000000, 0x0000000743100000|  0%| F|  |TS  0|AC  0|TAMS 0x0000000743000000, 0x0000000743000000|
|  49|0x0000000743100000, 0x0000000743100000, 0x0000000743200000|  0%| F|  |TS  0|AC  0|TAMS 0x0000000743100000, 0x0000000743100000|
|  50|0x0000000743200000, 0x0000000743200000, 0x0000000743300000|  0%| F|  |TS  0|AC  0|TAMS 0x0000000743200000, 0x0000000743200000|
|  51|0x0000000743300000, 0x0000000743300000, 0x0000000743400000|  0%| F|  |TS  0|AC  0|TAMS 0x0000000743300000, 0x0000000743300000|
|  52|0x0000000743400000, 0x0000000743400000, 0x0000000743500000|  0%| F|  |TS  0|AC  0|TAMS 0x0000000743400000, 0x0000000743400000|
|  53|0x0000000743500000, 0x0000000743500000, 0x0000000743600000|  0%| F|  |TS  0|AC  0|TAMS 0x0000000743500000, 0x0000000743500000|
|  54|0x0000000743600000, 0x0000000743600000, 0x0000000743700000|  0%| F|  |TS  0|AC  0|TAMS 0x0000000743600000, 0x0000000743600000|
|  55|0x0000000743700000, 0x0000000743700000, 0x0000000743800000|  0%| F|  |TS  0|AC  0|TAMS 0x0000000743700000, 0x0000000743700000|
|  56|0x0000000743800000, 0x0000000743800000, 0x0000000743900000|  0%| F|  |TS  0|AC  0|TAMS 0x0000000743800000, 0x0000000743800000|
|  57|0x0000000743900000, 0x0000000743900000, 0x0000000743a00000|  0%| F|  |TS  0|AC  0|TAMS 0x0000000743900000, 0x0000000743900000|
|  58|0x0000000743a00000, 0x0000000743a00000, 0x0000000743b00000|  0%| F|  |TS  0|AC  0|TAMS 0x0000000743a00000, 0x0000000743a00000|
|  59|0x0000000743b00000, 0x0000000743b00000, 0x0000000743c00000|  0%| F|  |TS  0|AC  0|TAMS 0x0000000743b00000, 0x0000000743b00000|
|  60|0x0000000743c00000, 0x0000000743c00000, 0x0000000743d00000|  0%| F|  |TS  0|AC  0|TAMS 0x0000000743c00000, 0x0000000743c00000|
|  61|0x0000000743d00000, 0x0000000743d00000, 0x0000000743e00000|  0%| F|  |TS  0|AC  0|TAMS 0x0000000743d00000, 0x0000000743d00000|
|  62|0x0000000743e00000, 0x0000000743e00000, 0x0000000743f00000|  0%| F|  |TS  0|AC  0|TAMS 0x0000000743e00000, 0x0000000743e00000|
|  63|0x0000000743f00000, 0x0000000743f00000, 0x0000000744000000|  0%| F|  |TS  0|AC  0|TAMS 0x0000000743f00000, 0x0000000743f00000|
|  64|0x0000000744000000, 0x0000000744000000, 0x0000000744100000|  0%| F|  |TS  0|AC  0|TAMS 0x0000000744000000, 0x0000000744000000|
|  65|0x0000000744100000, 0x0000000744100000, 0x0000000744200000|  0%| F|  |TS  0|AC  0|TAMS 0x0000000744100000, 0x0000000744100000|
|  66|0x0000000744200000, 0x0000000744200000, 0x0000000744300000|  0%| F|  |TS  0|AC  0|TAMS 0x0000000744200000, 0x0000000744200000|
|  67|0x0000000744300000, 0x0000000744300000, 0x0000000744400000|  0%| F|  |TS  0|AC  0|TAMS 0x0000000744300000, 0x0000000744300000|
|  68|0x0000000744400000, 0x0000000744400000, 0x0000000744500000|  0%| F|  |TS  0|AC  0|TAMS 0x0000000744400000, 0x0000000744400000|
|  69|0x0000000744500000, 0x0000000744500000, 0x0000000744600000|  0%| F|  |TS  0|AC  0|TAMS 0x0000000744500000, 0x0000000744500000|
|  70|0x0000000744600000, 0x0000000744600000, 0x0000000744700000|  0%| F|  |TS  0|AC  0|TAMS 0x0000000744600000, 0x0000000744600000|
|  71|0x0000000744700000, 0x0000000744700000, 0x0000000744800000|  0%| F|  |TS  0|AC  0|TAMS 0x0000000744700000, 0x0000000744700000|
|  72|0x0000000744800000, 0x0000000744800000, 0x0000000744900000|  0%| F|  |TS  0|AC  0|TAMS 0x0000000744800000, 0x0000000744800000|
|  73|0x0000000744900000, 0x0000000744900000, 0x0000000744a00000|  0%| F|  |TS  0|AC  0|TAMS 0x0000000744900000, 0x0000000744900000|
|  74|0x0000000744a00000, 0x0000000744a00000, 0x0000000744b00000|  0%| F|  |TS  0|AC  0|TAMS 0x0000000744a00000, 0x0000000744a00000|
|  75|0x0000000744b00000, 0x0000000744b00000, 0x0000000744c00000|  0%| F|  |TS  0|AC  0|TAMS 0x0000000744b00000, 0x0000000744b00000|
|  76|0x0000000744c00000, 0x0000000744c00000, 0x0000000744d00000|  0%| F|  |TS  0|AC  0|TAMS 0x0000000744c00000, 0x0000000744c00000|
|  77|0x0000000744d00000, 0x0000000744d00000, 0x0000000744e00000|  0%| F|  |TS  0|AC  0|TAMS 0x0000000744d00000, 0x0000000744d00000|
|  78|0x0000000744e00000, 0x0000000744e00000, 0x0000000744f00000|  0%| F|  |TS  0|AC  0|TAMS 0x0000000744e00000, 0x0000000744e00000|
|  79|0x0000000744f00000, 0x0000000744f00000, 0x0000000745000000|  0%| F|  |TS  0|AC  0|TAMS 0x0000000744f00000, 0x0000000744f00000|
|  80|0x0000000745000000, 0x0000000745000000, 0x0000000745100000|  0%| F|  |TS  0|AC  0|TAMS 0x0000000745000000, 0x0000000745000000|
|  81|0x0000000745100000, 0x0000000745100000, 0x0000000745200000|  0%| F|  |TS  0|AC  0|TAMS 0x0000000745100000, 0x0000000745100000|
|  82|0x0000000745200000, 0x0000000745200000, 0x0000000745300000|  0%| F|  |TS  0|AC  0|TAMS 0x0000000745200000, 0x0000000745200000|
|  83|0x0000000745300000, 0x0000000745300000, 0x0000000745400000|  0%| F|  |TS  0|AC  0|TAMS 0x0000000745300000, 0x0000000745300000|
|  84|0x0000000745400000, 0x0000000745400000, 0x0000000745500000|  0%| F|  |TS  0|AC  0|TAMS 0x0000000745400000, 0x0000000745400000|
|  85|0x0000000745500000, 0x0000000745500000, 0x0000000745600000|  0%| F|  |TS  0|AC  0|TAMS 0x0000000745500000, 0x0000000745500000|
|  86|0x0000000745600000, 0x0000000745600000, 0x0000000745700000|  0%| F|  |TS  0|AC  0|TAMS 0x0000000745600000, 0x0000000745600000|
|  87|0x0000000745700000, 0x0000000745700000, 0x0000000745800000|  0%| F|  |TS  0|AC  0|TAMS 0x0000000745700000, 0x0000000745700000|
|  88|0x0000000745800000, 0x0000000745800000, 0x0000000745900000|  0%| F|  |TS  0|AC  0|TAMS 0x0000000745800000, 0x0000000745800000|
|  89|0x0000000745900000, 0x0000000745900000, 0x0000000745a00000|  0%| F|  |TS  0|AC  0|TAMS 0x0000000745900000, 0x0000000745900000|
|  90|0x0000000745a00000, 0x0000000745a00000, 0x0000000745b00000|  0%| F|  |TS  0|AC  0|TAMS 0x0000000745a00000, 0x0000000745a00000|
|  91|0x0000000745b00000, 0x0000000745b00000, 0x0000000745c00000|  0%| F|  |TS  0|AC  0|TAMS 0x0000000745b00000, 0x0000000745b00000|
|  92|0x0000000745c00000, 0x0000000745c00000, 0x0000000745d00000|  0%| F|  |TS  0|AC  0|TAMS 0x0000000745c00000, 0x0000000745c00000|
|  93|0x0000000745d00000, 0x0000000745d00000, 0x0000000745e00000|  0%| F|  |TS  0|AC  0|TAMS 0x0000000745d00000, 0x0000000745d00000|
|  94|0x0000000745e00000, 0x0000000745e00000, 0x0000000745f00000|  0%| F|  |TS  0|AC  0|TAMS 0x0000000745e00000, 0x0000000745e00000|
|  95|0x0000000745f00000, 0x0000000745f00000, 0x0000000746000000|  0%| F|  |TS  0|AC  0|TAMS 0x0000000745f00000, 0x0000000745f00000|
|  96|0x0000000746000000, 0x0000000746000000, 0x0000000746100000|  0%| F|  |TS  0|AC  0|TAMS 0x0000000746000000, 0x0000000746000000|
|  97|0x0000000746100000, 0x0000000746100000, 0x0000000746200000|  0%| F|  |TS  0|AC  0|TAMS 0x0000000746100000, 0x0000000746100000|
|  98|0x0000000746200000, 0x0000000746200000, 0x0000000746300000|  0%| F|  |TS  0|AC  0|TAMS 0x0000000746200000, 0x0000000746200000|
|  99|0x0000000746300000, 0x0000000746300000, 0x0000000746400000|  0%| F|  |TS  0|AC  0|TAMS 0x0000000746300000, 0x0000000746300000|
| 100|0x0000000746400000, 0x0000000746400000, 0x0000000746500000|  0%| F|  |TS  0|AC  0|TAMS 0x0000000746400000, 0x0000000746400000|
| 101|0x0000000746500000, 0x0000000746500000, 0x0000000746600000|  0%| F|  |TS  0|AC  0|TAMS 0x0000000746500000, 0x0000000746500000|
| 102|0x0000000746600000, 0x0000000746600000, 0x0000000746700000|  0%| F|  |TS  0|AC  0|TAMS 0x0000000746600000, 0x0000000746600000|
| 103|0x0000000746700000, 0x0000000746700000, 0x0000000746800000|  0%| F|  |TS  0|AC  0|TAMS 0x0000000746700000, 0x0000000746700000|
| 104|0x0000000746800000, 0x0000000746800000, 0x0000000746900000|  0%| F|  |TS  0|AC  0|TAMS 0x0000000746800000, 0x0000000746800000|
| 105|0x0000000746900000, 0x0000000746900000, 0x0000000746a00000|  0%| F|  |TS  0|AC  0|TAMS 0x0000000746900000, 0x0000000746900000|
| 106|0x0000000746a00000, 0x0000000746a00000, 0x0000000746b00000|  0%| F|  |TS  0|AC  0|TAMS 0x0000000746a00000, 0x0000000746a00000|
| 107|0x0000000746b00000, 0x0000000746b00000, 0x0000000746c00000|  0%| F|  |TS  0|AC  0|TAMS 0x0000000746b00000, 0x0000000746b00000|
| 108|0x0000000746c00000, 0x0000000746c00000, 0x0000000746d00000|  0%| F|  |TS  0|AC  0|TAMS 0x0000000746c00000, 0x0000000746c00000|
| 109|0x0000000746d00000, 0x0000000746d00000, 0x0000000746e00000|  0%| F|  |TS  0|AC  0|TAMS 0x0000000746d00000, 0x0000000746d00000|
| 110|0x0000000746e00000, 0x0000000746e00000, 0x0000000746f00000|  0%| F|  |TS  0|AC  0|TAMS 0x0000000746e00000, 0x0000000746e00000|
| 111|0x0000000746f00000, 0x0000000746f00000, 0x0000000747000000|  0%| F|  |TS  0|AC  0|TAMS 0x0000000746f00000, 0x0000000746f00000|
| 112|0x0000000747000000, 0x0000000747000000, 0x0000000747100000|  0%| F|  |TS  0|AC  0|TAMS 0x0000000747000000, 0x0000000747000000|
| 113|0x0000000747100000, 0x0000000747100000, 0x0000000747200000|  0%| F|  |TS  0|AC  0|TAMS 0x0000000747100000, 0x0000000747100000|
| 114|0x0000000747200000, 0x0000000747200000, 0x0000000747300000|  0%| F|  |TS  0|AC  0|TAMS 0x0000000747200000, 0x0000000747200000|
| 115|0x0000000747300000, 0x0000000747300000, 0x0000000747400000|  0%| F|  |TS  0|AC  0|TAMS 0x0000000747300000, 0x0000000747300000|
| 116|0x0000000747400000, 0x0000000747400000, 0x0000000747500000|  0%| F|  |TS  0|AC  0|TAMS 0x0000000747400000, 0x0000000747400000|
| 117|0x0000000747500000, 0x0000000747500000, 0x0000000747600000|  0%| F|  |TS  0|AC  0|TAMS 0x0000000747500000, 0x0000000747500000|
| 118|0x0000000747600000, 0x0000000747600000, 0x0000000747700000|  0%| F|  |TS  0|AC  0|TAMS 0x0000000747600000, 0x0000000747600000|
| 119|0x0000000747700000, 0x0000000747700000, 0x0000000747800000|  0%| F|  |TS  0|AC  0|TAMS 0x0000000747700000, 0x0000000747700000|
| 120|0x0000000747800000, 0x0000000747900000, 0x0000000747900000|100%| S|CS|TS  1|AC  0|TAMS 0x0000000747800000, 0x0000000747800000|
| 121|0x0000000747900000, 0x0000000747900000, 0x0000000747a00000|  0%| F|  |TS  1|AC  0|TAMS 0x0000000747900000, 0x0000000747900000|
| 122|0x0000000747a00000, 0x0000000747a80800, 0x0000000747b00000| 50%| E|  |TS  1|AC  0|TAMS 0x0000000747a00000, 0x0000000747a00000|
| 123|0x0000000747b00000, 0x0000000747c00000, 0x0000000747c00000|100%| E|CS|TS  1|AC  0|TAMS 0x0000000747b00000, 0x0000000747b00000|
| 124|0x0000000747c00000, 0x0000000747d00000, 0x0000000747d00000|100%| E|CS|TS  1|AC  0|TAMS 0x0000000747c00000, 0x0000000747c00000|
| 125|0x0000000747d00000, 0x0000000747e00000, 0x0000000747e00000|100%| E|CS|TS  1|AC  0|TAMS 0x0000000747d00000, 0x0000000747d00000|
| 126|0x0000000747e00000, 0x0000000747f00000, 0x0000000747f00000|100%| E|CS|TS  1|AC  0|TAMS 0x0000000747e00000, 0x0000000747e00000|
| 127|0x0000000747f00000, 0x0000000748000000, 0x0000000748000000|100%| E|CS|TS  1|AC  0|TAMS 0x0000000747f00000, 0x0000000747f00000|

Card table byte_map: [0x0000000115a47000,0x0000000115e47000] byte_map_base: 0x0000000112047000

Marking Bits (Prev, Next): (CMBitMap*) 0x00007facf982f270, (CMBitMap*) 0x00007facf982f2a8
 Prev Bits: [0x00000001263c6000, 0x00000001283c6000)
 Next Bits: [0x00000001283c6000, 0x000000012a3c6000)

Polling page: 0x00000001095e4000

CodeHeap 'non-profiled nmethods': size=120036Kb used=181Kb max_used=181Kb free=119854Kb
 bounds [0x000000011ee8d000, 0x000000011f0fd000, 0x00000001263c6000]
CodeHeap 'profiled nmethods': size=120032Kb used=1049Kb max_used=1049Kb free=118982Kb
 bounds [0x0000000117955000, 0x0000000117bc5000, 0x000000011ee8d000]
CodeHeap 'non-nmethods': size=5692Kb used=1183Kb max_used=1199Kb free=4508Kb
 bounds [0x00000001173c6000, 0x0000000117636000, 0x0000000117955000]
 total_blobs=1022 nmethods=565 adapters=253
 compilation: enabled

Compilation events (10 events):
Event: 2.114 Thread 0x00007facf987b000 nmethod 560 0x0000000117a56d90 code [0x0000000117a57200, 0x0000000117a5a188]
Event: 2.114 Thread 0x00007facf987b000  562       1       java.lang.reflect.Method::getDeclaringClass (5 bytes)
Event: 2.115 Thread 0x00007facf987b000 nmethod 562 0x000000011eeb8210 code [0x000000011eeb83c0, 0x000000011eeb84d0]
Event: 2.121 Thread 0x00007facf9877800 nmethod 534 0x000000011eeb8590 code [0x000000011eeb87c0, 0x000000011eeb9990]
Event: 2.121 Thread 0x00007facf9877800  536       4       java.lang.reflect.ProxyGenerator$ConstantPool$IndirectEntry::hashCode (15 bytes)
Event: 2.121 Thread 0x00007facf9877800 nmethod 536 0x000000011eeba010 code [0x000000011eeba1a0, 0x000000011eeba218]
Event: 2.125 Thread 0x00007facf987b000  563       3       java.io.RandomAccessFile::seek (22 bytes)
Event: 2.125 Thread 0x00007facf987b000 nmethod 563 0x0000000117a5ac10 code [0x0000000117a5ade0, 0x0000000117a5b098]
Event: 2.128 Thread 0x00007facf987b000  565       3       java.nio.CharBuffer::arrayOffset (35 bytes)
Event: 2.128 Thread 0x00007facf987b000 nmethod 565 0x0000000117a5b190 code [0x0000000117a5b380, 0x0000000117a5b678]

GC Heap History (2 events):
Event: 1.377 GC heap before
{Heap before GC invocations=0 (full 0):
 garbage-first heap   total 131072K, used 7168K [0x0000000740000000, 0x0000000740100400, 0x00000007c0000000)
  region size 1024K, 7 young (7168K), 0 survivors (0K)
 Metaspace       used 7044K, capacity 7206K, committed 7424K, reserved 1056768K
  class space    used 634K, capacity 689K, committed 768K, reserved 1048576K
}
Event: 1.384 GC heap after
{Heap after GC invocations=1 (full 0):
 garbage-first heap   total 131072K, used 1364K [0x0000000740000000, 0x0000000740100400, 0x00000007c0000000)
  region size 1024K, 1 young (1024K), 1 survivors (1024K)
 Metaspace       used 7044K, capacity 7206K, committed 7424K, reserved 1056768K
  class space    used 634K, capacity 689K, committed 768K, reserved 1048576K
}

Deoptimization events (1 events):
Event: 1.426 Thread 0x00007facf9806000 Uncommon trap: reason=unstable_if action=reinterpret pc=0x000000011ee98220 method=java.lang.String.charAt(I)C @ 4 c2

Classes redefined (5 events):
Event: 44.733 Thread 0x00007facf9074000 redefined class name=TestShoppingBasket, count=1
Event: 91.575 Thread 0x00007facf9074000 redefined class name=TestShoppingBasket, count=2
Event: 612.526 Thread 0x00007facf9074000 redefined class name=TestShoppingBasket, count=3
Event: 628.893 Thread 0x00007facf9074000 redefined class name=TestShoppingBasket, count=4
Event: 655.404 Thread 0x00007facf9074000 redefined class name=TestShoppingBasket, count=5

Internal exceptions (8 events):
Event: 0.874 Thread 0x00007facf9806000 Exception <a 'java/io/FileNotFoundException'{0x0000000747c6e6c0}> (0x0000000747c6e6c0) thrown at [/HUDSON/workspace/9-2-build-macosx-x86_64-phase2/jdk9/6725/hotspot/src/share/vm/prims/jni.cpp, line 604]
Event: 1.185 Thread 0x00007facf9806000 Exception <a 'java/lang/NoSuchMethodError'{0x0000000747a551b8}: java.lang.invoke.DirectMethodHandle$Holder.invokeInterface(Ljava/lang/Object;Ljava/lang/Object;)Ljava/lang/Object;> (0x0000000747a551b8) thrown at [/HUDSON/workspace/9-2-build-macosx-x86_64-p
Event: 1.192 Thread 0x00007facf9806000 Exception <a 'java/lang/NoSuchMethodError'{0x0000000747a854d8}: java.lang.invoke.DirectMethodHandle$Holder.invokeInterface(Ljava/lang/Object;Ljava/lang/Object;Ljava/lang/Object;)I> (0x0000000747a854d8) thrown at [/HUDSON/workspace/9-2-build-macosx-x86_64-
Event: 1.340 Thread 0x00007facf9806000 Exception <a 'java/lang/NoSuchMethodError'{0x0000000747975678}: java.lang.Object.lambda$negate$3(I)Z> (0x0000000747975678) thrown at [/HUDSON/workspace/9-2-build-macosx-x86_64-phase2/jdk9/6725/hotspot/src/share/vm/interpreter/linkResolver.cpp, line 731]
Event: 1.341 Thread 0x00007facf9806000 Exception <a 'java/lang/NoSuchMethodError'{0x0000000747978d10}: java.lang.Object.lambda$union$3(Ljava/util/regex/Pattern$CharPredicate;I)Z> (0x0000000747978d10) thrown at [/HUDSON/workspace/9-2-build-macosx-x86_64-phase2/jdk9/6725/hotspot/src/share/vm/int
Event: 1.358 Thread 0x00007facf9806000 Exception <a 'java/lang/NoSuchMethodError'{0x00000007479aefe0}: java.lang.Object.lambda$union$2(Ljava/util/regex/Pattern$CharPredicate;I)Z> (0x00000007479aefe0) thrown at [/HUDSON/workspace/9-2-build-macosx-x86_64-phase2/jdk9/6725/hotspot/src/share/vm/int
Event: 1.508 Thread 0x00007facf9806000 Exception <a 'java/lang/NoSuchMethodError'{0x0000000747e53bb0}: java.lang.invoke.DirectMethodHandle$Holder.invokeStatic(Ljava/lang/Object;Ljava/lang/Object;)I> (0x0000000747e53bb0) thrown at [/HUDSON/workspace/9-2-build-macosx-x86_64-phase2/jdk9/6725/hots
Event: 1.512 Thread 0x00007facf9806000 Exception <a 'java/lang/NoSuchMethodError'{0x0000000747e67438}: java.lang.Object.of([Ljava/lang/Object;)Ljava/util/stream/Stream;> (0x0000000747e67438) thrown at [/HUDSON/workspace/9-2-build-macosx-x86_64-phase2/jdk9/6725/hotspot/src/share/vm/interpreter/

Events (10 events):
Event: 740.250 Executing VM operation: ChangeBreakpoints done
Event: 740.250 Executing VM operation: ChangeBreakpoints
Event: 740.250 Executing VM operation: ChangeBreakpoints done
Event: 744.412 Executing VM operation: GetFrameCount
Event: 744.412 Executing VM operation: GetFrameCount done
Event: 744.412 Executing VM operation: GetFrameLocation
Event: 744.412 Executing VM operation: GetFrameLocation done
Event: 744.413 Executing VM operation: GetFrameLocation
Event: 744.413 Executing VM operation: GetFrameLocation done
Event: 744.413 Executing VM operation: GetOrSetLocal


Dynamic libraries:
0x00007fff8bf7a000 	/System/Library/Frameworks/Cocoa.framework/Versions/A/Cocoa
0x00007fff92bd9000 	/System/Library/Frameworks/Security.framework/Versions/A/Security
0x00007fff8ae33000 	/System/Library/Frameworks/ApplicationServices.framework/Versions/A/ApplicationServices
0x00007fffa2065000 	/usr/lib/libz.1.dylib
0x00007fffa0b44000 	/usr/lib/libSystem.B.dylib
0x00007fff8c514000 	/System/Library/Frameworks/CoreFoundation.framework/Versions/A/CoreFoundation
0x00007fff8dfa7000 	/System/Library/Frameworks/Foundation.framework/Versions/C/Foundation
0x00007fffa186b000 	/usr/lib/libobjc.A.dylib
0x00007fff8a048000 	/System/Library/Frameworks/AppKit.framework/Versions/C/AppKit
0x00007fff8c166000 	/System/Library/Frameworks/CoreData.framework/Versions/A/CoreData
0x00007fff9d5ba000 	/System/Library/PrivateFrameworks/RemoteViewServices.framework/Versions/A/RemoteViewServices
0x00007fff9f5b4000 	/System/Library/PrivateFrameworks/UIFoundation.framework/Versions/A/UIFoundation
0x00007fff9895f000 	/System/Library/PrivateFrameworks/DFRFoundation.framework/Versions/A/DFRFoundation
0x00007fffa11ae000 	/usr/lib/libenergytrace.dylib
0x00007fff9e3e7000 	/System/Library/PrivateFrameworks/SkyLight.framework/Versions/A/SkyLight
0x00007fff8c9a8000 	/System/Library/Frameworks/CoreGraphics.framework/Versions/A/CoreGraphics
0x00007fffa0b3f000 	/usr/lib/libScreenReader.dylib
0x00007fff88f0b000 	/System/Library/Frameworks/Accelerate.framework/Versions/A/Accelerate
0x00007fff8e5a5000 	/System/Library/Frameworks/IOSurface.framework/Versions/A/IOSurface
0x00007fff8b356000 	/System/Library/Frameworks/AudioToolbox.framework/Versions/A/AudioToolbox
0x00007fff8b563000 	/System/Library/Frameworks/AudioUnit.framework/Versions/A/AudioUnit
0x00007fff989a4000 	/System/Library/PrivateFrameworks/DataDetectorsCore.framework/Versions/A/DataDetectorsCore
0x00007fff98a95000 	/System/Library/PrivateFrameworks/DesktopServicesPriv.framework/Versions/A/DesktopServicesPriv
0x00007fff8bac7000 	/System/Library/Frameworks/Carbon.framework/Versions/A/Frameworks/HIToolbox.framework/Versions/A/HIToolbox
0x00007fffa12b7000 	/usr/lib/libicucore.A.dylib
0x00007fff92471000 	/System/Library/Frameworks/QuartzCore.framework/Versions/A/QuartzCore
0x00007fff8be93000 	/System/Library/Frameworks/Carbon.framework/Versions/A/Frameworks/SpeechRecognition.framework/Versions/A/SpeechRecognition
0x00007fffa0cd6000 	/usr/lib/libauto.dylib
0x00007fffa1f4b000 	/usr/lib/libxml2.2.dylib
0x00007fff98619000 	/System/Library/PrivateFrameworks/CoreUI.framework/Versions/A/CoreUI
0x00007fff8c0c4000 	/System/Library/Frameworks/CoreAudio.framework/Versions/A/CoreAudio
0x00007fff8de10000 	/System/Library/Frameworks/DiskArbitration.framework/Versions/A/DiskArbitration
0x00007fffa14e2000 	/usr/lib/liblangid.dylib
0x00007fff9c4a1000 	/System/Library/PrivateFrameworks/MultitouchSupport.framework/Versions/A/MultitouchSupport
0x00007fff8e50e000 	/System/Library/Frameworks/IOKit.framework/Versions/A/IOKit
0x00007fffa0905000 	/usr/lib/libDiagnosticMessagesClient.dylib
0x00007fff8d3f4000 	/System/Library/Frameworks/CoreServices.framework/Versions/A/CoreServices
0x00007fff9ce5e000 	/System/Library/PrivateFrameworks/PerformanceAnalysis.framework/Versions/A/PerformanceAnalysis
0x00007fff9a8e7000 	/System/Library/PrivateFrameworks/GenerationalStorage.framework/Versions/A/GenerationalStorage
0x00007fff9173f000 	/System/Library/Frameworks/OpenGL.framework/Versions/A/OpenGL
0x00007fff8d04c000 	/System/Library/Frameworks/CoreImage.framework/Versions/A/CoreImage
0x00007fff8db1d000 	/System/Library/Frameworks/CoreText.framework/Versions/A/CoreText
0x00007fff8e5fe000 	/System/Library/Frameworks/ImageIO.framework/Versions/A/ImageIO
0x00007fff961d6000 	/System/Library/PrivateFrameworks/Backup.framework/Versions/A/Backup
0x00007fffa0bb1000 	/usr/lib/libarchive.2.dylib
0x00007fff8b6cc000 	/System/Library/Frameworks/CFNetwork.framework/Versions/A/CFNetwork
0x00007fff93306000 	/System/Library/Frameworks/SystemConfiguration.framework/Versions/A/SystemConfiguration
0x00007fffa084c000 	/usr/lib/libCRFSuite.dylib
0x00007fffa0cf7000 	/usr/lib/libc++.1.dylib
0x00007fffa0d4e000 	/usr/lib/libc++abi.dylib
0x00007fffa2085000 	/usr/lib/system/libcache.dylib
0x00007fffa208a000 	/usr/lib/system/libcommonCrypto.dylib
0x00007fffa2095000 	/usr/lib/system/libcompiler_rt.dylib
0x00007fffa209d000 	/usr/lib/system/libcopyfile.dylib
0x00007fffa20a6000 	/usr/lib/system/libcorecrypto.dylib
0x00007fffa212a000 	/usr/lib/system/libdispatch.dylib
0x00007fffa215c000 	/usr/lib/system/libdyld.dylib
0x00007fffa2162000 	/usr/lib/system/libkeymgr.dylib
0x00007fffa2170000 	/usr/lib/system/liblaunch.dylib
0x00007fffa2171000 	/usr/lib/system/libmacho.dylib
0x00007fffa2177000 	/usr/lib/system/libquarantine.dylib
0x00007fffa217a000 	/usr/lib/system/libremovefile.dylib
0x00007fffa217c000 	/usr/lib/system/libsystem_asl.dylib
0x00007fffa2195000 	/usr/lib/system/libsystem_blocks.dylib
0x00007fffa2196000 	/usr/lib/system/libsystem_c.dylib
0x00007fffa2224000 	/usr/lib/system/libsystem_configuration.dylib
0x00007fffa2228000 	/usr/lib/system/libsystem_coreservices.dylib
0x00007fffa222c000 	/usr/lib/system/libsystem_coretls.dylib
0x00007fffa2245000 	/usr/lib/system/libsystem_dnssd.dylib
0x00007fffa224c000 	/usr/lib/system/libsystem_info.dylib
0x00007fffa2276000 	/usr/lib/system/libsystem_kernel.dylib
0x00007fffa2299000 	/usr/lib/system/libsystem_m.dylib
0x00007fffa22e1000 	/usr/lib/system/libsystem_malloc.dylib
0x00007fffa2300000 	/usr/lib/system/libsystem_network.dylib
0x00007fffa235a000 	/usr/lib/system/libsystem_networkextension.dylib
0x00007fffa2364000 	/usr/lib/system/libsystem_notify.dylib
0x00007fffa236e000 	/usr/lib/system/libsystem_platform.dylib
0x00007fffa2377000 	/usr/lib/system/libsystem_pthread.dylib
0x00007fffa2382000 	/usr/lib/system/libsystem_sandbox.dylib
0x00007fffa2386000 	/usr/lib/system/libsystem_secinit.dylib
0x00007fffa2388000 	/usr/lib/system/libsystem_symptoms.dylib
0x00007fffa2390000 	/usr/lib/system/libsystem_trace.dylib
0x00007fffa23a4000 	/usr/lib/system/libunwind.dylib
0x00007fffa23aa000 	/usr/lib/system/libxpc.dylib
0x00007fffa0cd7000 	/usr/lib/libbsm.0.dylib
0x00007fffa2163000 	/usr/lib/system/libkxld.dylib
0x00007fffa0da0000 	/usr/lib/libcoretls.dylib
0x00007fffa0da1000 	/usr/lib/libcoretls_cfhelpers.dylib
0x00007fffa0b3e000 	/usr/lib/libOpenScriptingUtil.dylib
0x00007fffa1c43000 	/usr/lib/libpam.2.dylib
0x00007fffa1d02000 	/usr/lib/libsqlite3.dylib
0x00007fffa1f3d000 	/usr/lib/libxar.1.dylib
0x00007fffa0ce8000 	/usr/lib/libbz2.1.0.dylib
0x00007fffa14e4000 	/usr/lib/liblzma.5.dylib
0x00007fffa17f0000 	/usr/lib/libnetwork.dylib
0x00007fffa1c48000 	/usr/lib/libpcap.A.dylib
0x00007fff8d757000 	/System/Library/Frameworks/CoreServices.framework/Versions/A/Frameworks/FSEvents.framework/Versions/A/FSEvents
0x00007fff8d447000 	/System/Library/Frameworks/CoreServices.framework/Versions/A/Frameworks/CarbonCore.framework/Versions/A/CarbonCore
0x00007fff8d8cd000 	/System/Library/Frameworks/CoreServices.framework/Versions/A/Frameworks/Metadata.framework/Versions/A/Metadata
0x00007fff8d97e000 	/System/Library/Frameworks/CoreServices.framework/Versions/A/Frameworks/OSServices.framework/Versions/A/OSServices
0x00007fff8d9de000 	/System/Library/Frameworks/CoreServices.framework/Versions/A/Frameworks/SearchKit.framework/Versions/A/SearchKit
0x00007fff8d3f5000 	/System/Library/Frameworks/CoreServices.framework/Versions/A/Frameworks/AE.framework/Versions/A/AE
0x00007fff8d760000 	/System/Library/Frameworks/CoreServices.framework/Versions/A/Frameworks/LaunchServices.framework/Versions/A/LaunchServices
0x00007fff8d723000 	/System/Library/Frameworks/CoreServices.framework/Versions/A/Frameworks/DictionaryServices.framework/Versions/A/DictionaryServices
0x00007fff8da4f000 	/System/Library/Frameworks/CoreServices.framework/Versions/A/Frameworks/SharedFileList.framework/Versions/A/SharedFileList
0x00007fff9079b000 	/System/Library/Frameworks/NetFS.framework/Versions/A/NetFS
0x00007fff9c57b000 	/System/Library/PrivateFrameworks/NetAuth.framework/Versions/A/NetAuth
0x00007fffa07f5000 	/System/Library/PrivateFrameworks/login.framework/Versions/A/Frameworks/loginsupport.framework/Versions/A/loginsupport
0x00007fff9f3e6000 	/System/Library/PrivateFrameworks/TCC.framework/Versions/A/TCC
0x00007fffa1515000 	/usr/lib/libmecabra.dylib
0x00007fff8ae34000 	/System/Library/Frameworks/ApplicationServices.framework/Versions/A/Frameworks/ATS.framework/Versions/A/ATS
0x00007fff8b1b3000 	/System/Library/Frameworks/ApplicationServices.framework/Versions/A/Frameworks/ColorSync.framework/Versions/A/ColorSync
0x00007fff8b25e000 	/System/Library/Frameworks/ApplicationServices.framework/Versions/A/Frameworks/HIServices.framework/Versions/A/HIServices
0x00007fff8b2b0000 	/System/Library/Frameworks/ApplicationServices.framework/Versions/A/Frameworks/LangAnalysis.framework/Versions/A/LangAnalysis
0x00007fff8b2c0000 	/System/Library/Frameworks/ApplicationServices.framework/Versions/A/Frameworks/PrintCore.framework/Versions/A/PrintCore
0x00007fff8b30e000 	/System/Library/Frameworks/ApplicationServices.framework/Versions/A/Frameworks/QD.framework/Versions/A/QD
0x00007fff8b34a000 	/System/Library/Frameworks/ApplicationServices.framework/Versions/A/Frameworks/SpeechSynthesis.framework/Versions/A/SpeechSynthesis
0x00007fff88f24000 	/System/Library/Frameworks/Accelerate.framework/Versions/A/Frameworks/vImage.framework/Versions/A/vImage
0x00007fff89d89000 	/System/Library/Frameworks/Accelerate.framework/Versions/A/Frameworks/vecLib.framework/Versions/A/vecLib
0x00007fff89b83000 	/System/Library/Frameworks/Accelerate.framework/Versions/A/Frameworks/vecLib.framework/Versions/A/libvDSP.dylib
0x00007fff8972d000 	/System/Library/Frameworks/Accelerate.framework/Versions/A/Frameworks/vecLib.framework/Versions/A/libBNNS.dylib
0x00007fff89b68000 	/System/Library/Frameworks/Accelerate.framework/Versions/A/Frameworks/vecLib.framework/Versions/A/libQuadrature.dylib
0x00007fff89cd1000 	/System/Library/Frameworks/Accelerate.framework/Versions/A/Frameworks/vecLib.framework/Versions/A/libvMisc.dylib
0x00007fff89745000 	/System/Library/Frameworks/Accelerate.framework/Versions/A/Frameworks/vecLib.framework/Versions/A/libLAPACK.dylib
0x00007fff89565000 	/System/Library/Frameworks/Accelerate.framework/Versions/A/Frameworks/vecLib.framework/Versions/A/libBLAS.dylib
0x00007fff89b51000 	/System/Library/Frameworks/Accelerate.framework/Versions/A/Frameworks/vecLib.framework/Versions/A/libLinearAlgebra.dylib
0x00007fff89b6f000 	/System/Library/Frameworks/Accelerate.framework/Versions/A/Frameworks/vecLib.framework/Versions/A/libSparseBLAS.dylib
0x00007fff8af3c000 	/System/Library/Frameworks/ApplicationServices.framework/Versions/A/Frameworks/ATS.framework/Versions/A/Resources/libFontParser.dylib
0x00007fff8b06c000 	/System/Library/Frameworks/ApplicationServices.framework/Versions/A/Frameworks/ATS.framework/Versions/A/Resources/libFontRegistry.dylib
0x00007fff8e859000 	/System/Library/Frameworks/ImageIO.framework/Versions/A/Resources/libJPEG.dylib
0x00007fff8e8a7000 	/System/Library/Frameworks/ImageIO.framework/Versions/A/Resources/libTIFF.dylib
0x00007fff8e87d000 	/System/Library/Frameworks/ImageIO.framework/Versions/A/Resources/libPng.dylib
0x00007fff8e762000 	/System/Library/Frameworks/ImageIO.framework/Versions/A/Resources/libGIF.dylib
0x00007fff8e767000 	/System/Library/Frameworks/ImageIO.framework/Versions/A/Resources/libJP2.dylib
0x00007fff8e8a4000 	/System/Library/Frameworks/ImageIO.framework/Versions/A/Resources/libRadiance.dylib
0x00007fffa0d89000 	/usr/lib/libcompression.dylib
0x00007fff95d18000 	/System/Library/PrivateFrameworks/AppleJPEG.framework/Versions/A/AppleJPEG
0x00007fffa10de000 	/usr/lib/libcups.2.dylib
0x00007fff8f65e000 	/System/Library/Frameworks/Kerberos.framework/Versions/A/Kerberos
0x00007fff8e379000 	/System/Library/Frameworks/GSS.framework/Versions/A/GSS
0x00007fffa1c96000 	/usr/lib/libresolv.9.dylib
0x00007fffa11c4000 	/usr/lib/libiconv.2.dylib
0x00007fff9b014000 	/System/Library/PrivateFrameworks/Heimdal.framework/Versions/A/Heimdal
0x00007fffa11be000 	/usr/lib/libheimdal-asn1.dylib
0x00007fff90bb4000 	/System/Library/Frameworks/OpenDirectory.framework/Versions/A/OpenDirectory
0x00007fff9782b000 	/System/Library/PrivateFrameworks/CommonAuth.framework/Versions/A/CommonAuth
0x00007fff90b9a000 	/System/Library/Frameworks/OpenDirectory.framework/Versions/A/Frameworks/CFOpenDirectory.framework/Versions/A/CFOpenDirectory
0x00007fff92edc000 	/System/Library/Frameworks/SecurityFoundation.framework/Versions/A/SecurityFoundation
0x00007fff9b7cc000 	/System/Library/PrivateFrameworks/LanguageModeling.framework/Versions/A/LanguageModeling
0x00007fffa14fe000 	/usr/lib/libmarisa.dylib
0x00007fffa0868000 	/usr/lib/libChineseTokenizer.dylib
0x00007fffa0d78000 	/usr/lib/libcmph.dylib
0x00007fff97f7d000 	/System/Library/PrivateFrameworks/CoreEmoji.framework/Versions/A/CoreEmoji
0x00007fff92f7c000 	/System/Library/Frameworks/ServiceManagement.framework/Versions/A/ServiceManagement
0x00007fffa203b000 	/usr/lib/libxslt.1.dylib
0x00007fff8bddb000 	/System/Library/Frameworks/Carbon.framework/Versions/A/Frameworks/Ink.framework/Versions/A/Ink
0x00007fff9f478000 	/System/Library/PrivateFrameworks/TextureIO.framework/Versions/A/TextureIO
0x00007fff8fe57000 	/System/Library/Frameworks/Metal.framework/Versions/A/Metal
0x00007fffa0bdd000 	/usr/lib/libate.dylib
0x00007fff9a616000 	/System/Library/PrivateFrameworks/GPUCompiler.framework/libmetal_timestamp.dylib
0x00007fff90bc3000 	/System/Library/Frameworks/OpenGL.framework/Versions/A/Libraries/libCoreFSCache.dylib
0x00007fff9b6a5000 	/System/Library/PrivateFrameworks/IOAccelerator.framework/Versions/A/IOAccelerator
0x00007fff8dc6b000 	/System/Library/Frameworks/CoreVideo.framework/Versions/A/CoreVideo
0x00007fffa0907000 	/usr/lib/libFosl_dynamic.dylib
0x00007fff9c2a4000 	/System/Library/PrivateFrameworks/MetalPerformanceShaders.framework/Versions/A/MetalPerformanceShaders
0x00007fff98e8e000 	/System/Library/PrivateFrameworks/FaceCore.framework/Versions/A/FaceCore
0x00007fff90b4b000 	/System/Library/Frameworks/OpenCL.framework/Versions/A/OpenCL
0x00007fff90d96000 	/System/Library/Frameworks/OpenGL.framework/Versions/A/Libraries/libGLU.dylib
0x00007fff90bcc000 	/System/Library/Frameworks/OpenGL.framework/Versions/A/Libraries/libGFXShared.dylib
0x00007fff90bd6000 	/System/Library/Frameworks/OpenGL.framework/Versions/A/Libraries/libGL.dylib
0x00007fff90be2000 	/System/Library/Frameworks/OpenGL.framework/Versions/A/Libraries/libGLImage.dylib
0x00007fff90bc0000 	/System/Library/Frameworks/OpenGL.framework/Versions/A/Libraries/libCVMSPluginSupport.dylib
0x00007fff90bc7000 	/System/Library/Frameworks/OpenGL.framework/Versions/A/Libraries/libCoreVMClient.dylib
0x00007fff988df000 	/System/Library/PrivateFrameworks/CrashReporterSupport.framework/Versions/A/CrashReporterSupport
0x00007fff9e339000 	/System/Library/PrivateFrameworks/Sharing.framework/Versions/A/Sharing
0x00007fff9b6c3000 	/System/Library/PrivateFrameworks/IconServices.framework/Versions/A/IconServices
0x00007fff9d587000 	/System/Library/PrivateFrameworks/ProtocolBuffer.framework/Versions/A/ProtocolBuffer
0x00007fff95bf6000 	/System/Library/PrivateFrameworks/Apple80211.framework/Versions/A/Apple80211
0x00007fff8dca1000 	/System/Library/Frameworks/CoreWLAN.framework/Versions/A/CoreWLAN
0x00007fff98759000 	/System/Library/PrivateFrameworks/CoreUtils.framework/Versions/A/CoreUtils
0x00007fff8e46a000 	/System/Library/Frameworks/IOBluetooth.framework/Versions/A/IOBluetooth
0x00007fff98879000 	/System/Library/PrivateFrameworks/CoreWiFi.framework/Versions/A/CoreWiFi
0x00007fff8c152000 	/System/Library/Frameworks/CoreBluetooth.framework/Versions/A/CoreBluetooth
0x00007fff8c466000 	/System/Library/Frameworks/CoreDisplay.framework/Versions/A/CoreDisplay
0x00007fff9b6ae000 	/System/Library/PrivateFrameworks/IOPresentment.framework/Versions/A/IOPresentment
0x00007fff9896a000 	/System/Library/PrivateFrameworks/DSExternalDisplay.framework/Versions/A/DSExternalDisplay
0x00007fff98a55000 	/System/Library/PrivateFrameworks/DebugSymbols.framework/Versions/A/DebugSymbols
0x00007fff98589000 	/System/Library/PrivateFrameworks/CoreSymbolication.framework/Versions/A/CoreSymbolication
0x00007fff9ef33000 	/System/Library/PrivateFrameworks/Symbolication.framework/Versions/A/Symbolication
0x00007fff95c19000 	/System/Library/PrivateFrameworks/AppleFSCompression.framework/Versions/A/AppleFSCompression
0x00007fff9e83b000 	/System/Library/PrivateFrameworks/SpeechRecognitionCore.framework/Versions/A/SpeechRecognitionCore
0x00007fff96edf000 	/System/Library/PrivateFrameworks/ChunkingLibrary.framework/Versions/A/ChunkingLibrary
0x0000000109a00000 	/Library/Java/JavaVirtualMachines/jdk-9.jdk/Contents/Home/lib/server/libjvm.dylib
0x00007fffa1ea4000 	/usr/lib/libstdc++.6.dylib
0x00000001095a2000 	/Library/Java/JavaVirtualMachines/jdk-9.jdk/Contents/Home/lib/libverify.dylib
0x00000001095af000 	/Library/Java/JavaVirtualMachines/jdk-9.jdk/Contents/Home/lib/libjava.dylib
0x000000010a692000 	/Library/Java/JavaVirtualMachines/jdk-9.jdk/Contents/Home/lib/libjdwp.dylib
0x00000001095e5000 	/Library/Java/JavaVirtualMachines/jdk-9.jdk/Contents/Home/lib/libinstrument.dylib
0x000000010a709000 	/Library/Java/JavaVirtualMachines/jdk-9.jdk/Contents/Home/lib/libzip.dylib
0x000000010a711000 	/Library/Java/JavaVirtualMachines/jdk-9.jdk/Contents/Home/lib/libjimage.dylib
0x0000000116e26000 	/Library/Java/JavaVirtualMachines/jdk-9.jdk/Contents/Home/lib/libnio.dylib
0x0000000116e36000 	/Library/Java/JavaVirtualMachines/jdk-9.jdk/Contents/Home/lib/./libnet.dylib
0x0000000116ef7000 	/Library/Java/JavaVirtualMachines/jdk-9.jdk/Contents/Home/lib/libdt_socket.dylib

VM Arguments:
jvm_args: -agentlib:jdwp=transport=dt_socket,address=127.0.0.1:52120,suspend=y,server=n -ea -Didea.test.cyclic.buffer.size=1048576 -javaagent:/Users/ianhenderson/Library/Caches/IdeaIC2017.3/groovyHotSwap/gragent.jar -javaagent:/Users/ianhenderson/Library/Caches/IdeaIC2017.3/captureAgent/debugger-agent.jar=/private/var/folders/mx/fy85jzfj5w14qghpgcs8l43c0000gn/T/capture.props -Dfile.encoding=UTF-8 
java_command: com.intellij.rt.execution.junit.JUnitStarter -ideVersion5 -junit4 TestShoppingBasket,BoGoF
java_class_path (initial): /Applications/IntelliJ IDEA CE.app/Contents/lib/idea_rt.jar:/Applications/IntelliJ IDEA CE.app/Contents/plugins/junit/lib/junit-rt.jar:/Applications/IntelliJ IDEA CE.app/Contents/plugins/junit/lib/junit5-rt.jar:/Users/ianhenderson/codeclan_work/week_10/weekend_homework/ShoppingBasket/out/test/classes:/Users/ianhenderson/codeclan_work/week_10/weekend_homework/ShoppingBasket/out/production/classes:/Users/ianhenderson/.gradle/caches/modules-2/files-2.1/junit/junit/4.12/2973d150c0dc1fefe998f834810d68f278ea58ec/junit-4.12.jar:/Users/ianhenderson/.gradle/caches/modules-2/files-2.1/org.hamcrest/hamcrest-core/1.3/42a25dc3219429f0e5d060061f71acb49bf010a0/hamcrest-core-1.3.jar
Launcher Type: SUN_STANDARD

Logging:
Log output configuration:
#0: stdout all=warning uptime,level,tags
#1: stderr all=off uptime,level,tags

Environment Variables:
CLASSPATH=:/Users/ianhenderson/junit/junit-4.12.jar:/Users/ianhenderson/junit/hamcrest-core-1.3.jar
PATH=/Users/ianhenderson/.bin:/Users/ianhenderson/.rbenv/shims:/usr/local/bin:/usr/bin:/bin:/usr/sbin:/sbin:/Users/ianhenderson/junit
SHELL=/bin/zsh

Signal Handlers:
SIGSEGV: [libjvm.dylib+0x73ea4c], sa_mask[0]=11111111011111110111111111111111, sa_flags=SA_ONSTACK|SA_RESTART|SA_SIGINFO
SIGBUS: [libjvm.dylib+0x73ea4c], sa_mask[0]=11111111011111110111111111111111, sa_flags=SA_RESTART|SA_SIGINFO
SIGFPE: [libjvm.dylib+0x73ea4c], sa_mask[0]=11111111011111110111111111111111, sa_flags=SA_RESTART|SA_SIGINFO
SIGPIPE: [libjvm.dylib+0x5f1d1c], sa_mask[0]=11111111011111110111111111111111, sa_flags=SA_RESTART|SA_SIGINFO
SIGXFSZ: [libjvm.dylib+0x5f1d1c], sa_mask[0]=11111111011111110111111111111111, sa_flags=SA_RESTART|SA_SIGINFO
SIGILL: [libjvm.dylib+0x73ea4c], sa_mask[0]=11111111011111110111111111111111, sa_flags=SA_RESTART|SA_SIGINFO
SIGUSR2: [libjvm.dylib+0x5f25ac], sa_mask[0]=00100000000000000000000000000000, sa_flags=SA_RESTART|SA_SIGINFO
SIGHUP: [libjvm.dylib+0x5f0de9], sa_mask[0]=11111111011111110111111111111111, sa_flags=SA_RESTART|SA_SIGINFO
SIGINT: [libjvm.dylib+0x5f0de9], sa_mask[0]=11111111011111110111111111111111, sa_flags=SA_RESTART|SA_SIGINFO
SIGTERM: [libjvm.dylib+0x5f0de9], sa_mask[0]=11111111011111110111111111111111, sa_flags=SA_RESTART|SA_SIGINFO
SIGQUIT: [libjvm.dylib+0x5f0de9], sa_mask[0]=11111111011111110111111111111111, sa_flags=SA_RESTART|SA_SIGINFO


---------------  S Y S T E M  ---------------

OS:uname:Darwin 16.7.0 Darwin Kernel Version 16.7.0: Mon Nov 13 21:56:25 PST 2017; root:xnu-3789.72.11~1/RELEASE_X86_64 x86_64
rlimit: STACK 8192k, CORE 0k, NPROC 709, NOFILE 10240, AS infinity
load average:3.13 5.74 6.04

CPU:total 2 (initial active 2) (2 cores per cpu, 1 threads per core) family 6 model 23 stepping 10, cmov, cx8, fxsr, mmx, sse, sse2, sse3, ssse3, sse4.1, tsc

Memory: 4k page, physical 8388608k(176404k free)

vm_info: Java HotSpot(TM) 64-Bit Server VM (9+181) for bsd-amd64 JRE (9+181), built on Aug  2 2017 21:10:28 by "javare" with gcc 4.2.1 Compatible Apple LLVM 6.1.0 (clang-602.0.49)

END.
